Traceback (most recent call last):
  File "/home/paolo/.cache/pypoetry/virtualenvs/tskitetude-QRcCziD4-py3.10/lib/python3.10/site-packages/jupyter_cache/executors/utils.py", line 58, in single_nb_execution
    executenb(
  File "/home/paolo/.cache/pypoetry/virtualenvs/tskitetude-QRcCziD4-py3.10/lib/python3.10/site-packages/nbclient/client.py", line 1314, in execute
    return NotebookClient(nb=nb, resources=resources, km=km, **kwargs).execute()
  File "/home/paolo/.cache/pypoetry/virtualenvs/tskitetude-QRcCziD4-py3.10/lib/python3.10/site-packages/jupyter_core/utils/__init__.py", line 165, in wrapped
    return loop.run_until_complete(inner)
  File "/home/paolo/.conda/envs/python3.10/lib/python3.10/asyncio/base_events.py", line 649, in run_until_complete
    return future.result()
  File "/home/paolo/.cache/pypoetry/virtualenvs/tskitetude-QRcCziD4-py3.10/lib/python3.10/site-packages/nbclient/client.py", line 709, in async_execute
    await self.async_execute_cell(
  File "/home/paolo/.cache/pypoetry/virtualenvs/tskitetude-QRcCziD4-py3.10/lib/python3.10/site-packages/nbclient/client.py", line 1062, in async_execute_cell
    await self._check_raise_for_error(cell, cell_index, exec_reply)
  File "/home/paolo/.cache/pypoetry/virtualenvs/tskitetude-QRcCziD4-py3.10/lib/python3.10/site-packages/nbclient/client.py", line 918, in _check_raise_for_error
    raise CellExecutionError.from_cell_and_msg(cell, exec_reply_content)
nbclient.exceptions.CellExecutionError: An error occurred while executing the following cell:
------------------
ts = tskit.load(get_project_dir() / "results-compara/background_samples/tsinfer/SMARTER-OA-OAR3-forward-0.4.10.focal.26.trees")
ts
------------------


[0;31m---------------------------------------------------------------------------[0m
[0;31mFileNotFoundError[0m                         Traceback (most recent call last)
Cell [0;32mIn[2], line 1[0m
[0;32m----> 1[0m ts [38;5;241m=[39m [43mtskit[49m[38;5;241;43m.[39;49m[43mload[49m[43m([49m[43mget_project_dir[49m[43m([49m[43m)[49m[43m [49m[38;5;241;43m/[39;49m[43m [49m[38;5;124;43m"[39;49m[38;5;124;43mresults-compara/background_samples/tsinfer/SMARTER-OA-OAR3-forward-0.4.10.focal.26.trees[39;49m[38;5;124;43m"[39;49m[43m)[49m
[1;32m      2[0m ts

File [0;32m~/.cache/pypoetry/virtualenvs/tskitetude-QRcCziD4-py3.10/lib/python3.10/site-packages/tskit/trees.py:3413[0m, in [0;36mload[0;34m(file, skip_tables, skip_reference_sequence)[0m
[1;32m   3390[0m [38;5;28;01mdef[39;00m [38;5;21mload[39m(file, [38;5;241m*[39m, skip_tables[38;5;241m=[39m[38;5;28;01mFalse[39;00m, skip_reference_sequence[38;5;241m=[39m[38;5;28;01mFalse[39;00m):
[1;32m   3391[0m [38;5;250m    [39m[38;5;124;03m"""[39;00m
[1;32m   3392[0m [38;5;124;03m    Return a :class:`TreeSequence` instance loaded from the specified file object or[39;00m
[1;32m   3393[0m [38;5;124;03m    path. The file must be in the[39;00m
[0;32m   (...)[0m
[1;32m   3411[0m [38;5;124;03m    :rtype: :class:`tskit.TreeSequence`[39;00m
[1;32m   3412[0m [38;5;124;03m    """[39;00m
[0;32m-> 3413[0m     [38;5;28;01mreturn[39;00m [43mTreeSequence[49m[38;5;241;43m.[39;49m[43mload[49m[43m([49m
[1;32m   3414[0m [43m        [49m[43mfile[49m[43m,[49m[43m [49m[43mskip_tables[49m[38;5;241;43m=[39;49m[43mskip_tables[49m[43m,[49m[43m [49m[43mskip_reference_sequence[49m[38;5;241;43m=[39;49m[43mskip_reference_sequence[49m
[1;32m   3415[0m [43m    [49m[43m)[49m

File [0;32m~/.cache/pypoetry/virtualenvs/tskitetude-QRcCziD4-py3.10/lib/python3.10/site-packages/tskit/trees.py:4208[0m, in [0;36mTreeSequence.load[0;34m(cls, file_or_path, skip_tables, skip_reference_sequence)[0m
[1;32m   4206[0m [38;5;129m@classmethod[39m
[1;32m   4207[0m [38;5;28;01mdef[39;00m [38;5;21mload[39m([38;5;28mcls[39m, file_or_path, [38;5;241m*[39m, skip_tables[38;5;241m=[39m[38;5;28;01mFalse[39;00m, skip_reference_sequence[38;5;241m=[39m[38;5;28;01mFalse[39;00m):
[0;32m-> 4208[0m     file, local_file [38;5;241m=[39m [43mutil[49m[38;5;241;43m.[39;49m[43mconvert_file_like_to_open_file[49m[43m([49m[43mfile_or_path[49m[43m,[49m[43m [49m[38;5;124;43m"[39;49m[38;5;124;43mrb[39;49m[38;5;124;43m"[39;49m[43m)[49m
[1;32m   4209[0m     [38;5;28;01mtry[39;00m:
[1;32m   4210[0m         ts [38;5;241m=[39m _tskit[38;5;241m.[39mTreeSequence()

File [0;32m~/.cache/pypoetry/virtualenvs/tskitetude-QRcCziD4-py3.10/lib/python3.10/site-packages/tskit/util.py:789[0m, in [0;36mconvert_file_like_to_open_file[0;34m(file_like, mode)[0m
[1;32m    786[0m [38;5;28;01mtry[39;00m:
[1;32m    787[0m     [38;5;66;03m# First, see if we can interpret the argument as a pathlike object.[39;00m
[1;32m    788[0m     path [38;5;241m=[39m os[38;5;241m.[39mfspath(file_like)
[0;32m--> 789[0m     _file [38;5;241m=[39m [38;5;28;43mopen[39;49m[43m([49m[43mpath[49m[43m,[49m[43m [49m[43mmode[49m[43m)[49m
[1;32m    790[0m [38;5;28;01mexcept[39;00m [38;5;167;01mTypeError[39;00m:
[1;32m    791[0m     [38;5;28;01mpass[39;00m

[0;31mFileNotFoundError[0m: [Errno 2] No such file or directory: '/home/paolo/Projects/TSKITetude/results-compara/background_samples/tsinfer/SMARTER-OA-OAR3-forward-0.4.10.focal.26.trees'

