Traceback (most recent call last):
  File "/home/paolo/.cache/pypoetry/virtualenvs/tskitetude-QRcCziD4-py3.10/lib/python3.10/site-packages/jupyter_cache/executors/utils.py", line 58, in single_nb_execution
    executenb(
  File "/home/paolo/.cache/pypoetry/virtualenvs/tskitetude-QRcCziD4-py3.10/lib/python3.10/site-packages/nbclient/client.py", line 1314, in execute
    return NotebookClient(nb=nb, resources=resources, km=km, **kwargs).execute()
  File "/home/paolo/.cache/pypoetry/virtualenvs/tskitetude-QRcCziD4-py3.10/lib/python3.10/site-packages/jupyter_core/utils/__init__.py", line 165, in wrapped
    return loop.run_until_complete(inner)
  File "/home/paolo/.conda/envs/python3.10/lib/python3.10/asyncio/base_events.py", line 649, in run_until_complete
    return future.result()
  File "/home/paolo/.cache/pypoetry/virtualenvs/tskitetude-QRcCziD4-py3.10/lib/python3.10/site-packages/nbclient/client.py", line 709, in async_execute
    await self.async_execute_cell(
  File "/home/paolo/.cache/pypoetry/virtualenvs/tskitetude-QRcCziD4-py3.10/lib/python3.10/site-packages/nbclient/client.py", line 1062, in async_execute_cell
    await self._check_raise_for_error(cell, cell_index, exec_reply)
  File "/home/paolo/.cache/pypoetry/virtualenvs/tskitetude-QRcCziD4-py3.10/lib/python3.10/site-packages/nbclient/client.py", line 918, in _check_raise_for_error
    raise CellExecutionError.from_cell_and_msg(cell, exec_reply_content)
nbclient.exceptions.CellExecutionError: An error occurred while executing the following cell:
------------------
sns.pairplot(reference[reference.columns.difference(['repeat'])], hue="breeds", palette="viridis")
------------------


[0;31m---------------------------------------------------------------------------[0m
[0;31mValueError[0m                                Traceback (most recent call last)
Cell [0;32mIn[6], line 1[0m
[0;32m----> 1[0m [43msns[49m[38;5;241;43m.[39;49m[43mpairplot[49m[43m([49m[43mreference[49m[43m[[49m[43mreference[49m[38;5;241;43m.[39;49m[43mcolumns[49m[38;5;241;43m.[39;49m[43mdifference[49m[43m([49m[43m[[49m[38;5;124;43m'[39;49m[38;5;124;43mrepeat[39;49m[38;5;124;43m'[39;49m[43m][49m[43m)[49m[43m][49m[43m,[49m[43m [49m[43mhue[49m[38;5;241;43m=[39;49m[38;5;124;43m"[39;49m[38;5;124;43mbreeds[39;49m[38;5;124;43m"[39;49m[43m,[49m[43m [49m[43mpalette[49m[38;5;241;43m=[39;49m[38;5;124;43m"[39;49m[38;5;124;43mviridis[39;49m[38;5;124;43m"[39;49m[43m)[49m

File [0;32m~/.cache/pypoetry/virtualenvs/tskitetude-QRcCziD4-py3.10/lib/python3.10/site-packages/seaborn/axisgrid.py:2119[0m, in [0;36mpairplot[0;34m(data, hue, hue_order, palette, vars, x_vars, y_vars, kind, diag_kind, markers, height, aspect, corner, dropna, plot_kws, diag_kws, grid_kws, size)[0m
[1;32m   2117[0m [38;5;66;03m# Set up the PairGrid[39;00m
[1;32m   2118[0m grid_kws[38;5;241m.[39msetdefault([38;5;124m"[39m[38;5;124mdiag_sharey[39m[38;5;124m"[39m, diag_kind [38;5;241m==[39m [38;5;124m"[39m[38;5;124mhist[39m[38;5;124m"[39m)
[0;32m-> 2119[0m grid [38;5;241m=[39m [43mPairGrid[49m[43m([49m[43mdata[49m[43m,[49m[43m [49m[38;5;28;43mvars[39;49m[38;5;241;43m=[39;49m[38;5;28;43mvars[39;49m[43m,[49m[43m [49m[43mx_vars[49m[38;5;241;43m=[39;49m[43mx_vars[49m[43m,[49m[43m [49m[43my_vars[49m[38;5;241;43m=[39;49m[43my_vars[49m[43m,[49m[43m [49m[43mhue[49m[38;5;241;43m=[39;49m[43mhue[49m[43m,[49m
[1;32m   2120[0m [43m                [49m[43mhue_order[49m[38;5;241;43m=[39;49m[43mhue_order[49m[43m,[49m[43m [49m[43mpalette[49m[38;5;241;43m=[39;49m[43mpalette[49m[43m,[49m[43m [49m[43mcorner[49m[38;5;241;43m=[39;49m[43mcorner[49m[43m,[49m
[1;32m   2121[0m [43m                [49m[43mheight[49m[38;5;241;43m=[39;49m[43mheight[49m[43m,[49m[43m [49m[43maspect[49m[38;5;241;43m=[39;49m[43maspect[49m[43m,[49m[43m [49m[43mdropna[49m[38;5;241;43m=[39;49m[43mdropna[49m[43m,[49m[43m [49m[38;5;241;43m*[39;49m[38;5;241;43m*[39;49m[43mgrid_kws[49m[43m)[49m
[1;32m   2123[0m [38;5;66;03m# Add the markers here as PairGrid has figured out how many levels of the[39;00m
[1;32m   2124[0m [38;5;66;03m# hue variable are needed and we don't want to duplicate that process[39;00m
[1;32m   2125[0m [38;5;28;01mif[39;00m markers [38;5;129;01mis[39;00m [38;5;129;01mnot[39;00m [38;5;28;01mNone[39;00m:

File [0;32m~/.cache/pypoetry/virtualenvs/tskitetude-QRcCziD4-py3.10/lib/python3.10/site-packages/seaborn/axisgrid.py:1272[0m, in [0;36mPairGrid.__init__[0;34m(self, data, hue, vars, x_vars, y_vars, hue_order, palette, hue_kws, corner, diag_sharey, height, aspect, layout_pad, despine, dropna)[0m
[1;32m   1269[0m [38;5;28mself[39m[38;5;241m.[39msquare_grid [38;5;241m=[39m [38;5;28mself[39m[38;5;241m.[39mx_vars [38;5;241m==[39m [38;5;28mself[39m[38;5;241m.[39my_vars
[1;32m   1271[0m [38;5;28;01mif[39;00m [38;5;129;01mnot[39;00m x_vars:
[0;32m-> 1272[0m     [38;5;28;01mraise[39;00m [38;5;167;01mValueError[39;00m([38;5;124m"[39m[38;5;124mNo variables found for grid columns.[39m[38;5;124m"[39m)
[1;32m   1273[0m [38;5;28;01mif[39;00m [38;5;129;01mnot[39;00m y_vars:
[1;32m   1274[0m     [38;5;28;01mraise[39;00m [38;5;167;01mValueError[39;00m([38;5;124m"[39m[38;5;124mNo variables found for grid rows.[39m[38;5;124m"[39m)

[0;31mValueError[0m: No variables found for grid columns.

