Traceback (most recent call last):
  File "/home/cozzip/.cache/pypoetry/virtualenvs/tskitetude-hh-GIRXc-py3.12/lib/python3.12/site-packages/jupyter_cache/executors/utils.py", line 58, in single_nb_execution
    executenb(
  File "/home/cozzip/.cache/pypoetry/virtualenvs/tskitetude-hh-GIRXc-py3.12/lib/python3.12/site-packages/nbclient/client.py", line 1319, in execute
    return NotebookClient(nb=nb, resources=resources, km=km, **kwargs).execute()
           ^^^^^^^^^^^^^^^^^^^^^^^^^^^^^^^^^^^^^^^^^^^^^^^^^^^^^^^^^^^^^^^^^^^^^
  File "/home/cozzip/.cache/pypoetry/virtualenvs/tskitetude-hh-GIRXc-py3.12/lib/python3.12/site-packages/jupyter_core/utils/__init__.py", line 165, in wrapped
    return loop.run_until_complete(inner)
           ^^^^^^^^^^^^^^^^^^^^^^^^^^^^^^
  File "/home/cozzip/.conda/envs/python3.12/lib/python3.12/asyncio/base_events.py", line 691, in run_until_complete
    return future.result()
           ^^^^^^^^^^^^^^^
  File "/home/cozzip/.cache/pypoetry/virtualenvs/tskitetude-hh-GIRXc-py3.12/lib/python3.12/site-packages/nbclient/client.py", line 709, in async_execute
    await self.async_execute_cell(
  File "/home/cozzip/.cache/pypoetry/virtualenvs/tskitetude-hh-GIRXc-py3.12/lib/python3.12/site-packages/nbclient/client.py", line 1062, in async_execute_cell
    await self._check_raise_for_error(cell, cell_index, exec_reply)
  File "/home/cozzip/.cache/pypoetry/virtualenvs/tskitetude-hh-GIRXc-py3.12/lib/python3.12/site-packages/nbclient/client.py", line 918, in _check_raise_for_error
    raise CellExecutionError.from_cell_and_msg(cell, exec_reply_content)
nbclient.exceptions.CellExecutionError: An error occurred while executing the following cell:
------------------
tables = tsm1M300I.tables
tables.mutations.clear()
tsm1M300I_no_mutations = tables.tree_sequence()
tsm1M300I_no_mutations
------------------


[31m---------------------------------------------------------------------------[39m
[31mImmutableTableError[39m                       Traceback (most recent call last)
[36mCell[39m[36m [39m[32mIn[5][39m[32m, line 2[39m
[32m      1[39m tables = tsm1M300I.tables
[32m----> [39m[32m2[39m [43mtables[49m[43m.[49m[43mmutations[49m[43m.[49m[43mclear[49m()
[32m      3[39m tsm1M300I_no_mutations = tables.tree_sequence()
[32m      4[39m tsm1M300I_no_mutations

[36mFile [39m[32m~/.cache/pypoetry/virtualenvs/tskitetude-hh-GIRXc-py3.12/lib/python3.12/site-packages/tskit/tables.py:1033[39m, in [36mImmutableBaseTable.__getattr__[39m[34m(self, name)[39m
[32m   1030[39m     [38;5;28;01mreturn[39;00m subset_array
[32m   1032[39m [38;5;28;01mif[39;00m name [38;5;129;01min[39;00m [38;5;28mself[39m._MUTATION_METHODS:
[32m-> [39m[32m1033[39m     [38;5;28;01mraise[39;00m ImmutableTableError(
[32m   1034[39m         [33mf[39m[33m"[39m[33mCannot call [39m[38;5;132;01m{[39;00mname[38;5;132;01m}[39;00m[33m() on immutable [39m[38;5;132;01m{[39;00m[38;5;28mself[39m.table_name[38;5;132;01m}[39;00m[33m table. [39m[33m"[39m
[32m   1035[39m         [33mf[39m[33m"[39m[33mUse TreeSequence.dump_tables() for mutable copy.[39m[33m"[39m
[32m   1036[39m     )
[32m   1038[39m [38;5;66;03m# If it's not a blocked method or column, delegate to parent classes[39;00m
[32m   1039[39m [38;5;66;03m# This allows metadata mixins to handle metadata_schema and other attributes[39;00m
[32m   1040[39m [38;5;28;01mraise[39;00m [38;5;167;01mAttributeError[39;00m(
[32m   1041[39m     [33mf[39m[33m"[39m[33m'[39m[38;5;132;01m{[39;00m[38;5;28mself[39m.[34m__class__[39m.[34m__name__[39m[38;5;132;01m}[39;00m[33m'[39m[33m object has no attribute [39m[33m'[39m[38;5;132;01m{[39;00mname[38;5;132;01m}[39;00m[33m'[39m[33m"[39m
[32m   1042[39m )

[31mImmutableTableError[39m: Cannot call clear() on immutable mutations table. Use TreeSequence.dump_tables() for mutable copy.

